android/app/build/intermediates/manifest_merge_blame_file/release/manifest-merger-blame-release-report.txt
1<?xml version="1.0" encoding="utf-8"?>
2<manifest xmlns:android="http://schemas.android.com/apk/res/android"
3    package="com.orderapp"
4    android:versionCode="1"
5    android:versionName="1.0" >
6
7    <uses-sdk
8        android:minSdkVersion="21"
9        android:targetSdkVersion="34" />
10
11    <uses-permission android:name="android.permission.INTERNET" />
11-->src/main/AndroidManifest.xml:3:5-67
11-->src/main/AndroidManifest.xml:3:22-64
12    <uses-permission android:name="android.permission.CAMERA" />
12-->src/main/AndroidManifest.xml:4:5-64
12-->src/main/AndroidManifest.xml:4:22-62
13    <uses-permission android:name="android.permission.WRITE_EXTERNAL_STORAGE" />
13-->src/main/AndroidManifest.xml:5:5-80
13-->src/main/AndroidManifest.xml:5:22-78
14    <uses-permission
14-->src/main/AndroidManifest.xml:6:5-79
15        android:name="android.permission.READ_EXTERNAL_STORAGE"
15-->src/main/AndroidManifest.xml:6:22-77
16        android:maxSdkVersion="32" />
16-->[com.zendesk.belvedere2:belvedere:3.0.5] AndroidManifest.xml:18:9-35
17
18    <uses-feature
18-->src/main/AndroidManifest.xml:7:5-85
19        android:name="android.hardware.camera"
19-->src/main/AndroidManifest.xml:7:19-57
20        android:required="false" />
20-->src/main/AndroidManifest.xml:7:58-82
21    <uses-feature
21-->src/main/AndroidManifest.xml:8:5-91
22        android:name="android.hardware.camera.front"
22-->src/main/AndroidManifest.xml:8:19-63
23        android:required="false" />
23-->src/main/AndroidManifest.xml:8:64-88
24
25    <uses-permission android:name="android.permission.ACCESS_FINE_LOCATION" />
25-->src/main/AndroidManifest.xml:9:5-79
25-->src/main/AndroidManifest.xml:9:22-76
26    <uses-permission android:name="android.permission.VIBRATE" />
26-->src/main/AndroidManifest.xml:10:5-65
26-->src/main/AndroidManifest.xml:10:22-63
27    <uses-permission android:name="android.permission.SYSTEM_ALERT_WINDOW" />
27-->src/main/AndroidManifest.xml:11:5-77
27-->src/main/AndroidManifest.xml:11:22-75
28    <uses-permission android:name="android.permission.WAKE_LOCK" />
28-->src/main/AndroidManifest.xml:12:5-68
28-->src/main/AndroidManifest.xml:12:22-65
29    <uses-permission android:name="android.permission.RECEIVE_BOOT_COMPLETED" />
29-->src/main/AndroidManifest.xml:13:5-80
29-->src/main/AndroidManifest.xml:13:22-78
30    <uses-permission android:name="android.permission.READ_CONTACTS" />
30-->src/main/AndroidManifest.xml:14:6-73
30-->src/main/AndroidManifest.xml:14:23-70
31    <uses-permission android:name="android.permission.WRITE_CONTACTS" />
31-->src/main/AndroidManifest.xml:15:7-75
31-->src/main/AndroidManifest.xml:15:24-72
32    <uses-permission android:name="android.permission.BLUETOOTH_ADMIN" />
32-->[:brooons_react-native-bluetooth-escpos-printer] AndroidManifest.xml:7:5-74
32-->[:brooons_react-native-bluetooth-escpos-printer] AndroidManifest.xml:7:22-71
33    <uses-permission android:name="android.permission.BLUETOOTH" />
33-->[:brooons_react-native-bluetooth-escpos-printer] AndroidManifest.xml:8:5-68
33-->[:brooons_react-native-bluetooth-escpos-printer] AndroidManifest.xml:8:22-65
34    <uses-permission android:name="android.permission.ACCESS_COARSE_LOCATION" />
34-->[:brooons_react-native-bluetooth-escpos-printer] AndroidManifest.xml:9:5-81
34-->[:brooons_react-native-bluetooth-escpos-printer] AndroidManifest.xml:9:22-78
35
36    <original-package android:name="woyou.aidlservice.jiuiv5" />
36-->[:heasy_react-native-sunmi-printer] AndroidManifest.xml:7:5-65
36-->[:heasy_react-native-sunmi-printer] AndroidManifest.xml:7:23-62
37
38    <uses-permission android:name="android.permission.ACCESS_NETWORK_STATE" />
38-->[:react-native-community_netinfo] AndroidManifest.xml:7:5-79
38-->[:react-native-community_netinfo] AndroidManifest.xml:7:22-76
39    <uses-permission android:name="android.permission.ACCESS_WIFI_STATE" />
39-->[:react-native-community_netinfo] AndroidManifest.xml:8:5-76
39-->[:react-native-community_netinfo] AndroidManifest.xml:8:22-73
40    <uses-permission android:name="android.permission.RECORD_AUDIO" />
40-->[:react-native-voice_voice] AndroidManifest.xml:10:5-71
40-->[:react-native-voice_voice] AndroidManifest.xml:10:22-68
41    <uses-permission android:name="android.permission.FOREGROUND_SERVICE" />
41-->[:react-native-background-actions] AndroidManifest.xml:7:5-77
41-->[:react-native-background-actions] AndroidManifest.xml:7:22-74
42
43    <queries>
43-->[:react-native-image-crop-picker] AndroidManifest.xml:7:5-11:15
44        <intent>
44-->[:react-native-image-crop-picker] AndroidManifest.xml:8:9-10:18
45            <action android:name="android.media.action.IMAGE_CAPTURE" />
45-->[:react-native-image-crop-picker] AndroidManifest.xml:9:13-73
45-->[:react-native-image-crop-picker] AndroidManifest.xml:9:21-70
46        </intent>
47        <!-- Added to check the default browser that will host the AuthFlow. -->
48        <intent>
48-->[com.stripe:financial-connections:20.40.4] AndroidManifest.xml:13:9-17:18
49            <action android:name="android.intent.action.VIEW" />
49-->src/main/AndroidManifest.xml:52:15-67
49-->src/main/AndroidManifest.xml:52:23-64
50
51            <data android:scheme="http" />
51-->src/main/AndroidManifest.xml:55:15-73
51-->src/main/AndroidManifest.xml:55:21-70
52        </intent> <!-- Added to check if Chrome is installed for browser-based payment authentication (e.g. 3DS1). -->
53        <package android:name="com.android.chrome" />
53-->[com.stripe:payments-core:20.40.4] AndroidManifest.xml:11:9-54
53-->[com.stripe:payments-core:20.40.4] AndroidManifest.xml:11:18-51
54
55        <intent>
55-->[com.razorpay:checkout:1.6.39] AndroidManifest.xml:11:9-17:18
56            <action android:name="android.intent.action.VIEW" />
56-->src/main/AndroidManifest.xml:52:15-67
56-->src/main/AndroidManifest.xml:52:23-64
57
58            <data
58-->src/main/AndroidManifest.xml:55:15-73
59                android:mimeType="*/*"
60                android:scheme="*" />
60-->src/main/AndroidManifest.xml:55:21-70
61        </intent>
62        <intent>
62-->[com.razorpay:checkout:1.6.39] AndroidManifest.xml:18:9-27:18
63            <action android:name="android.intent.action.VIEW" />
63-->src/main/AndroidManifest.xml:52:15-67
63-->src/main/AndroidManifest.xml:52:23-64
64
65            <category android:name="android.intent.category.BROWSABLE" />
65-->src/main/AndroidManifest.xml:54:15-76
65-->src/main/AndroidManifest.xml:54:25-73
66
67            <data
67-->src/main/AndroidManifest.xml:55:15-73
68                android:host="pay"
69                android:mimeType="*/*"
70                android:scheme="upi" />
70-->src/main/AndroidManifest.xml:55:21-70
71        </intent>
72        <intent>
72-->[com.razorpay:checkout:1.6.39] AndroidManifest.xml:28:9-30:18
73            <action android:name="android.intent.action.MAIN" />
73-->src/main/AndroidManifest.xml:35:13-65
73-->src/main/AndroidManifest.xml:35:21-62
74        </intent>
75        <intent>
75-->[com.razorpay:checkout:1.6.39] AndroidManifest.xml:31:9-35:18
76            <action android:name="android.intent.action.SEND" />
76-->[com.razorpay:checkout:1.6.39] AndroidManifest.xml:32:13-65
76-->[com.razorpay:checkout:1.6.39] AndroidManifest.xml:32:21-62
77
78            <data android:mimeType="*/*" />
78-->src/main/AndroidManifest.xml:55:15-73
79        </intent>
80        <intent>
80-->[com.razorpay:checkout:1.6.39] AndroidManifest.xml:36:9-38:18
81            <action android:name="rzp.device_token.share" />
81-->[com.razorpay:checkout:1.6.39] AndroidManifest.xml:37:13-61
81-->[com.razorpay:checkout:1.6.39] AndroidManifest.xml:37:21-58
82        </intent> <!-- Needs to be explicitly declared on Android R+ -->
83        <package android:name="com.google.android.apps.maps" />
83-->[com.google.android.gms:play-services-maps:18.2.0] AndroidManifest.xml:33:9-64
83-->[com.google.android.gms:play-services-maps:18.2.0] AndroidManifest.xml:33:18-61
84        <package android:name="com.facebook.katana" /> <!-- Gallery -->
84-->[com.facebook.android:facebook-common:17.0.0] AndroidManifest.xml:18:9-55
84-->[com.facebook.android:facebook-common:17.0.0] AndroidManifest.xml:18:18-52
85        <intent>
85-->[com.zendesk:common-ui:4.0.5] AndroidManifest.xml:24:9-26:18
86            <action android:name="android.intent.action.GET_CONTENT" />
86-->[com.zendesk:common-ui:4.0.5] AndroidManifest.xml:25:13-72
86-->[com.zendesk:common-ui:4.0.5] AndroidManifest.xml:25:21-69
87        </intent> <!-- Docs -->
88        <intent>
88-->[com.zendesk.belvedere2:belvedere-core:3.0.5] AndroidManifest.xml:19:9-23:18
89            <action android:name="android.intent.action.OPEN_DOCUMENT" />
89-->[com.zendesk.belvedere2:belvedere-core:3.0.5] AndroidManifest.xml:20:13-74
89-->[com.zendesk.belvedere2:belvedere-core:3.0.5] AndroidManifest.xml:20:21-71
90
91            <data android:mimeType="*/*" />
91-->src/main/AndroidManifest.xml:55:15-73
92        </intent> <!-- Gallery -->
93        <intent>
93-->[com.zendesk.belvedere2:belvedere-core:3.0.5] AndroidManifest.xml:25:9-29:18
94            <action android:name="android.intent.action.GET_CONTENT" />
94-->[com.zendesk:common-ui:4.0.5] AndroidManifest.xml:25:13-72
94-->[com.zendesk:common-ui:4.0.5] AndroidManifest.xml:25:21-69
95
96            <data android:mimeType="*/*" />
96-->src/main/AndroidManifest.xml:55:15-73
97        </intent>
98    </queries> <!-- Required to access Google Play Licensing -->
99    <uses-permission android:name="com.android.vending.CHECK_LICENSE" />
99-->[:rn-fetch-blob-v2] AndroidManifest.xml:8:5-73
99-->[:rn-fetch-blob-v2] AndroidManifest.xml:8:22-70
100    <uses-permission android:name="android.permission.READ_PHONE_STATE" />
100-->[com.paytabs:payment-sdk:6.5.9] AndroidManifest.xml:12:5-75
100-->[com.paytabs:payment-sdk:6.5.9] AndroidManifest.xml:12:22-72
101    <uses-permission android:name="android.permission.FLASHLIGHT" />
101-->[com.paytabs:payment-sdk:6.5.9] AndroidManifest.xml:15:5-69
101-->[com.paytabs:payment-sdk:6.5.9] AndroidManifest.xml:15:22-66
102
103    <uses-feature
103-->[com.paytabs:payment-sdk:6.5.9] AndroidManifest.xml:20:5-22:36
104        android:name="android.hardware.camera.autofocus"
104-->[com.paytabs:payment-sdk:6.5.9] AndroidManifest.xml:21:9-57
105        android:required="false" /> <!-- Required by older versions of Google Play services to create IID tokens -->
105-->[com.paytabs:payment-sdk:6.5.9] AndroidManifest.xml:22:9-33
106    <uses-permission android:name="com.google.android.c2dm.permission.RECEIVE" />
106-->[com.google.android.gms:play-services-iid:17.0.0] AndroidManifest.xml:23:5-82
106-->[com.google.android.gms:play-services-iid:17.0.0] AndroidManifest.xml:23:22-79
107
108    <uses-feature
108-->[com.google.android.gms:play-services-maps:18.2.0] AndroidManifest.xml:26:5-28:35
109        android:glEsVersion="0x00020000"
109-->[com.google.android.gms:play-services-maps:18.2.0] AndroidManifest.xml:27:9-41
110        android:required="true" />
110-->[com.google.android.gms:play-services-maps:18.2.0] AndroidManifest.xml:28:9-32
111
112    <uses-permission android:name="android.permission.POST_NOTIFICATIONS" /> <!-- Required only if your app targets Android 13. -->
112-->[com.google.firebase:firebase-messaging:23.4.1] AndroidManifest.xml:23:5-77
112-->[com.google.firebase:firebase-messaging:23.4.1] AndroidManifest.xml:23:22-74
113    <uses-permission android:name="android.permission.READ_MEDIA_IMAGES" />
113-->[com.zendesk.belvedere2:belvedere:3.0.5] AndroidManifest.xml:11:5-76
113-->[com.zendesk.belvedere2:belvedere:3.0.5] AndroidManifest.xml:11:22-73
114    <uses-permission android:name="android.permission.READ_MEDIA_VIDEO" />
114-->[com.zendesk.belvedere2:belvedere:3.0.5] AndroidManifest.xml:12:5-75
114-->[com.zendesk.belvedere2:belvedere:3.0.5] AndroidManifest.xml:12:22-72
115    <uses-permission android:name="android.permission.READ_MEDIA_AUDIO" />
115-->[com.zendesk.belvedere2:belvedere:3.0.5] AndroidManifest.xml:13:5-75
115-->[com.zendesk.belvedere2:belvedere:3.0.5] AndroidManifest.xml:13:22-72
116    <uses-permission android:name="com.google.android.gms.permission.AD_ID" />
116-->[com.facebook.android:facebook-core:17.0.0] AndroidManifest.xml:16:5-79
116-->[com.facebook.android:facebook-core:17.0.0] AndroidManifest.xml:16:22-76
117
118    <permission
118-->[androidx.core:core:1.12.0] AndroidManifest.xml:22:5-24:47
119        android:name="com.orderapp.DYNAMIC_RECEIVER_NOT_EXPORTED_PERMISSION"
119-->[androidx.core:core:1.12.0] AndroidManifest.xml:23:9-81
120        android:protectionLevel="signature" />
120-->[androidx.core:core:1.12.0] AndroidManifest.xml:24:9-44
121
122    <uses-permission android:name="com.orderapp.DYNAMIC_RECEIVER_NOT_EXPORTED_PERMISSION" />
122-->[androidx.core:core:1.12.0] AndroidManifest.xml:26:5-97
122-->[androidx.core:core:1.12.0] AndroidManifest.xml:26:22-94
123    <uses-permission android:name="android.permission.USE_FULL_SCREEN_INTENT" />
123-->[app.notifee:core:202108261754] AndroidManifest.xml:16:5-81
123-->[app.notifee:core:202108261754] AndroidManifest.xml:16:22-78
124    <uses-permission android:name="android.permission.SCHEDULE_EXACT_ALARM" />
124-->[app.notifee:core:202108261754] AndroidManifest.xml:17:5-79
124-->[app.notifee:core:202108261754] AndroidManifest.xml:17:22-76
125    <uses-permission
125-->[app.notifee:core:202108261754] AndroidManifest.xml:18:5-20:38
126        android:name="android.permission.BROADCAST_CLOSE_SYSTEM_DIALOGS"
126-->[app.notifee:core:202108261754] AndroidManifest.xml:19:9-73
127        android:maxSdkVersion="30" /> <!-- For Xiaomi devices to enable heads-up notifications as default (https://github.com/invertase/notifee/issues/296) -->
127-->[app.notifee:core:202108261754] AndroidManifest.xml:20:9-35
128    <uses-permission
128-->[app.notifee:core:202108261754] AndroidManifest.xml:22:5-24:38
129        android:name="android.permission.ACCESS_NOTIFICATION_POLICY"
129-->[app.notifee:core:202108261754] AndroidManifest.xml:23:9-69
130        android:minSdkVersion="23" />
130-->[app.notifee:core:202108261754] AndroidManifest.xml:24:9-35
131    <uses-permission android:name="com.google.android.finsky.permission.BIND_GET_INSTALL_REFERRER_SERVICE" /> <!-- for android -->
131-->[com.android.installreferrer:installreferrer:1.1.2] AndroidManifest.xml:9:5-110
131-->[com.android.installreferrer:installreferrer:1.1.2] AndroidManifest.xml:9:22-107
132    <!-- <uses-permission android:name="com.android.launcher.permission.READ_SETTINGS"/> -->
133    <!-- <uses-permission android:name="com.android.launcher.permission.WRITE_SETTINGS"/> -->
134    <!-- <uses-permission android:name="com.android.launcher.permission.INSTALL_SHORTCUT" /> -->
135    <!-- <uses-permission android:name="com.android.launcher.permission.UNINSTALL_SHORTCUT" /> -->
136    <!-- for Samsung -->
137    <uses-permission android:name="com.sec.android.provider.badge.permission.READ" />
137-->[me.leolin:ShortcutBadger:1.1.22] AndroidManifest.xml:19:5-86
137-->[me.leolin:ShortcutBadger:1.1.22] AndroidManifest.xml:19:22-83
138    <uses-permission android:name="com.sec.android.provider.badge.permission.WRITE" /> <!-- for htc -->
138-->[me.leolin:ShortcutBadger:1.1.22] AndroidManifest.xml:20:5-87
138-->[me.leolin:ShortcutBadger:1.1.22] AndroidManifest.xml:20:22-84
139    <uses-permission android:name="com.htc.launcher.permission.READ_SETTINGS" />
139-->[me.leolin:ShortcutBadger:1.1.22] AndroidManifest.xml:23:5-81
139-->[me.leolin:ShortcutBadger:1.1.22] AndroidManifest.xml:23:22-78
140    <uses-permission android:name="com.htc.launcher.permission.UPDATE_SHORTCUT" /> <!-- for sony -->
140-->[me.leolin:ShortcutBadger:1.1.22] AndroidManifest.xml:24:5-83
140-->[me.leolin:ShortcutBadger:1.1.22] AndroidManifest.xml:24:22-80
141    <uses-permission android:name="com.sonyericsson.home.permission.BROADCAST_BADGE" />
141-->[me.leolin:ShortcutBadger:1.1.22] AndroidManifest.xml:27:5-88
141-->[me.leolin:ShortcutBadger:1.1.22] AndroidManifest.xml:27:22-85
142    <uses-permission android:name="com.sonymobile.home.permission.PROVIDER_INSERT_BADGE" /> <!-- for apex -->
142-->[me.leolin:ShortcutBadger:1.1.22] AndroidManifest.xml:28:5-92
142-->[me.leolin:ShortcutBadger:1.1.22] AndroidManifest.xml:28:22-89
143    <uses-permission android:name="com.anddoes.launcher.permission.UPDATE_COUNT" /> <!-- for solid -->
143-->[me.leolin:ShortcutBadger:1.1.22] AndroidManifest.xml:31:5-84
143-->[me.leolin:ShortcutBadger:1.1.22] AndroidManifest.xml:31:22-81
144    <uses-permission android:name="com.majeur.launcher.permission.UPDATE_BADGE" /> <!-- for huawei -->
144-->[me.leolin:ShortcutBadger:1.1.22] AndroidManifest.xml:34:5-83
144-->[me.leolin:ShortcutBadger:1.1.22] AndroidManifest.xml:34:22-80
145    <uses-permission android:name="com.huawei.android.launcher.permission.CHANGE_BADGE" />
145-->[me.leolin:ShortcutBadger:1.1.22] AndroidManifest.xml:37:5-91
145-->[me.leolin:ShortcutBadger:1.1.22] AndroidManifest.xml:37:22-88
146    <uses-permission android:name="com.huawei.android.launcher.permission.READ_SETTINGS" />
146-->[me.leolin:ShortcutBadger:1.1.22] AndroidManifest.xml:38:5-92
146-->[me.leolin:ShortcutBadger:1.1.22] AndroidManifest.xml:38:22-89
147    <uses-permission android:name="com.huawei.android.launcher.permission.WRITE_SETTINGS" /> <!-- for ZUK -->
147-->[me.leolin:ShortcutBadger:1.1.22] AndroidManifest.xml:39:5-93
147-->[me.leolin:ShortcutBadger:1.1.22] AndroidManifest.xml:39:22-90
148    <uses-permission android:name="android.permission.READ_APP_BADGE" /> <!-- for OPPO -->
148-->[me.leolin:ShortcutBadger:1.1.22] AndroidManifest.xml:42:5-73
148-->[me.leolin:ShortcutBadger:1.1.22] AndroidManifest.xml:42:22-70
149    <uses-permission android:name="com.oppo.launcher.permission.READ_SETTINGS" />
149-->[me.leolin:ShortcutBadger:1.1.22] AndroidManifest.xml:45:5-82
149-->[me.leolin:ShortcutBadger:1.1.22] AndroidManifest.xml:45:22-79
150    <uses-permission android:name="com.oppo.launcher.permission.WRITE_SETTINGS" /> <!-- for EvMe -->
150-->[me.leolin:ShortcutBadger:1.1.22] AndroidManifest.xml:46:5-83
150-->[me.leolin:ShortcutBadger:1.1.22] AndroidManifest.xml:46:22-80
151    <uses-permission android:name="me.everything.badger.permission.BADGE_COUNT_READ" />
151-->[me.leolin:ShortcutBadger:1.1.22] AndroidManifest.xml:49:5-88
151-->[me.leolin:ShortcutBadger:1.1.22] AndroidManifest.xml:49:22-85
152    <uses-permission android:name="me.everything.badger.permission.BADGE_COUNT_WRITE" />
152-->[me.leolin:ShortcutBadger:1.1.22] AndroidManifest.xml:50:5-89
152-->[me.leolin:ShortcutBadger:1.1.22] AndroidManifest.xml:50:22-86
153
154    <application
154-->src/main/AndroidManifest.xml:17:5-85:19
155        android:name="com.orderapp.MainApplication"
155-->src/main/AndroidManifest.xml:18:7-38
156        android:allowBackup="false"
156-->src/main/AndroidManifest.xml:22:7-34
157        android:appComponentFactory="androidx.core.app.CoreComponentFactory"
157-->[androidx.core:core:1.12.0] AndroidManifest.xml:28:18-86
158        android:dataExtractionRules="@xml/data_extraction_rules"
158-->[com.paytabs:payment-sdk:6.5.9] AndroidManifest.xml:26:9-65
159        android:extractNativeLibs="true"
160        android:fullBackupContent="false"
160-->[com.paytabs:payment-sdk:6.5.9] AndroidManifest.xml:27:9-42
161        android:icon="@mipmap/ic_launcher"
161-->src/main/AndroidManifest.xml:20:7-41
162        android:label="@string/app_name"
162-->src/main/AndroidManifest.xml:19:7-39
163        android:roundIcon="@mipmap/ic_launcher_round"
163-->src/main/AndroidManifest.xml:21:7-52
164        android:supportsRtl="true"
164-->[:react-native-google-places] AndroidManifest.xml:9:9-35
165        android:theme="@style/AppTheme"
165-->src/main/AndroidManifest.xml:23:7-38
166        android:usesCleartextTraffic="true" >
166-->src/main/AndroidManifest.xml:24:7-42
167        <activity
167-->src/main/AndroidManifest.xml:26:7-39:18
168            android:name="com.orderapp.MainActivity"
168-->src/main/AndroidManifest.xml:27:9-37
169            android:configChanges="keyboard|keyboardHidden|orientation|screenLayout|screenSize|smallestScreenSize|uiMode"
169-->src/main/AndroidManifest.xml:29:9-118
170            android:exported="true"
170-->src/main/AndroidManifest.xml:32:9-32
171            android:label="@string/app_name"
171-->src/main/AndroidManifest.xml:28:9-41
172            android:launchMode="singleTask"
172-->src/main/AndroidManifest.xml:30:9-40
173            android:windowSoftInputMode="adjustResize" >
173-->src/main/AndroidManifest.xml:31:9-51
174            <intent-filter>
174-->src/main/AndroidManifest.xml:34:9-37:25
175                <action android:name="android.intent.action.MAIN" />
175-->src/main/AndroidManifest.xml:35:13-65
175-->src/main/AndroidManifest.xml:35:21-62
176
177                <category android:name="android.intent.category.LAUNCHER" />
177-->src/main/AndroidManifest.xml:36:13-73
177-->src/main/AndroidManifest.xml:36:23-70
178            </intent-filter>
179        </activity>
180        <activity android:name="com.facebook.react.devsupport.DevSettingsActivity" />
180-->src/main/AndroidManifest.xml:40:8-85
180-->src/main/AndroidManifest.xml:40:18-82
181
182        <meta-data
182-->src/main/AndroidManifest.xml:42:17-43:52
183            android:name="com.facebook.sdk.ApplicationId"
183-->src/main/AndroidManifest.xml:42:28-73
184            android:value="@string/facebook_app_id" />
184-->src/main/AndroidManifest.xml:43:11-50
185
186        <activity
186-->src/main/AndroidManifest.xml:44:17-47:46
187            android:name="com.facebook.FacebookActivity"
187-->src/main/AndroidManifest.xml:44:27-71
188            android:configChanges="keyboard|keyboardHidden|screenLayout|screenSize|orientation"
188-->src/main/AndroidManifest.xml:45:11-113
189            android:label="@string/app_name"
189-->src/main/AndroidManifest.xml:47:11-43
190            android:theme="@style/com_facebook_activity_theme" />
190-->[com.facebook.android:facebook-common:17.0.0] AndroidManifest.xml:25:13-63
191        <activity
191-->src/main/AndroidManifest.xml:48:7-57:18
192            android:name="com.facebook.CustomTabActivity"
192-->src/main/AndroidManifest.xml:49:11-56
193            android:exported="true" >
193-->src/main/AndroidManifest.xml:50:11-34
194            <intent-filter>
194-->src/main/AndroidManifest.xml:51:11-56:27
195                <action android:name="android.intent.action.VIEW" />
195-->src/main/AndroidManifest.xml:52:15-67
195-->src/main/AndroidManifest.xml:52:23-64
196
197                <category android:name="android.intent.category.DEFAULT" />
197-->src/main/AndroidManifest.xml:53:15-74
197-->src/main/AndroidManifest.xml:53:25-71
198                <category android:name="android.intent.category.BROWSABLE" />
198-->src/main/AndroidManifest.xml:54:15-76
198-->src/main/AndroidManifest.xml:54:25-73
199
200                <data android:scheme="@string/fb_login_protocol_scheme" />
200-->src/main/AndroidManifest.xml:55:15-73
200-->src/main/AndroidManifest.xml:55:21-70
201            </intent-filter>
202            <intent-filter>
202-->[com.facebook.android:facebook-common:17.0.0] AndroidManifest.xml:31:13-40:29
203                <action android:name="android.intent.action.VIEW" />
203-->src/main/AndroidManifest.xml:52:15-67
203-->src/main/AndroidManifest.xml:52:23-64
204
205                <category android:name="android.intent.category.DEFAULT" />
205-->src/main/AndroidManifest.xml:53:15-74
205-->src/main/AndroidManifest.xml:53:25-71
206                <category android:name="android.intent.category.BROWSABLE" />
206-->src/main/AndroidManifest.xml:54:15-76
206-->src/main/AndroidManifest.xml:54:25-73
207
208                <data
208-->src/main/AndroidManifest.xml:55:15-73
209                    android:host="cct.com.orderapp"
210                    android:scheme="fbconnect" />
210-->src/main/AndroidManifest.xml:55:21-70
211            </intent-filter>
212        </activity>
213
214        <meta-data
214-->src/main/AndroidManifest.xml:59:9-61:53
215            android:name="com.google.android.geo.API_KEY"
215-->src/main/AndroidManifest.xml:60:9-54
216            android:value="@string/google_api_key_id" />
216-->src/main/AndroidManifest.xml:61:9-50
217
218        <uses-library
218-->src/main/AndroidManifest.xml:62:9-87
219            android:name="org.apache.http.legacy"
219-->src/main/AndroidManifest.xml:62:23-60
220            android:required="false" />
220-->src/main/AndroidManifest.xml:62:61-85
221        <!-- Change the value to true to enable pop-up for in foreground on receiving remote notifications (for prevent duplicating while showing local notifications set this to false) -->
222        <!-- Change the value to true to enable pop-up for in foreground on receiving remote notifications (for prevent duplicating while showing local notifications set this to false) -->
223        <!--
224        <meta-data  android:name="com.dieam.reactnativepushnotification.notification_foreground"
225                    android:value="true"/>
226    
227        <receiver android:name="com.dieam.reactnativepushnotification.modules.RNPushNotificationActions" />
228        <receiver android:name="com.dieam.reactnativepushnotification.modules.RNPushNotificationPublisher" />
229        <receiver android:name="com.dieam.reactnativepushnotification.modules.RNPushNotificationBootEventReceiver">
230            <intent-filter>
231                <action android:name="android.intent.action.BOOT_COMPLETED" />
232                <action android:name="android.intent.action.QUICKBOOT_POWERON" />
233                <action android:name="com.htc.intent.action.QUICKBOOT_POWERON"/>
234            </intent-filter>
235        </receiver>
236        -->
237
238
239        <!--
240        <service
241            android:name="com.dieam.reactnativepushnotification.modules.RNPushNotificationListenerService"
242            android:exported="false" >
243            <intent-filter>
244                <action android:name="com.google.firebase.MESSAGING_EVENT" />
245            </intent-filter>
246        </service>
247        -->
248        <provider
248-->[:notifee_react-native] AndroidManifest.xml:8:9-12:40
249            android:name="io.invertase.notifee.NotifeeInitProvider"
249-->[:notifee_react-native] AndroidManifest.xml:9:13-68
250            android:authorities="com.orderapp.notifee-init-provider"
250-->[:notifee_react-native] AndroidManifest.xml:10:13-73
251            android:exported="false"
251-->[:notifee_react-native] AndroidManifest.xml:11:13-37
252            android:initOrder="-100" />
252-->[:notifee_react-native] AndroidManifest.xml:12:13-37
253
254        <service
254-->[:react-native-firebase_messaging] AndroidManifest.xml:12:9-14:40
255            android:name="io.invertase.firebase.messaging.ReactNativeFirebaseMessagingHeadlessService"
255-->[:react-native-firebase_messaging] AndroidManifest.xml:13:13-103
256            android:exported="false" />
256-->[:react-native-firebase_messaging] AndroidManifest.xml:14:13-37
257        <service
257-->[:react-native-firebase_messaging] AndroidManifest.xml:15:9-21:19
258            android:name="io.invertase.firebase.messaging.ReactNativeFirebaseMessagingService"
258-->[:react-native-firebase_messaging] AndroidManifest.xml:16:13-95
259            android:exported="false" >
259-->[:react-native-firebase_messaging] AndroidManifest.xml:17:13-37
260            <intent-filter>
260-->[:react-native-firebase_messaging] AndroidManifest.xml:18:13-20:29
261                <action android:name="com.google.firebase.MESSAGING_EVENT" />
261-->[:react-native-firebase_messaging] AndroidManifest.xml:19:17-78
261-->[:react-native-firebase_messaging] AndroidManifest.xml:19:25-75
262            </intent-filter>
263        </service>
264
265        <receiver
265-->[:react-native-firebase_messaging] AndroidManifest.xml:23:9-30:20
266            android:name="io.invertase.firebase.messaging.ReactNativeFirebaseMessagingReceiver"
266-->[:react-native-firebase_messaging] AndroidManifest.xml:24:13-96
267            android:exported="true"
267-->[:react-native-firebase_messaging] AndroidManifest.xml:25:13-36
268            android:permission="com.google.android.c2dm.permission.SEND" >
268-->[:react-native-firebase_messaging] AndroidManifest.xml:26:13-73
269            <intent-filter>
269-->[:react-native-firebase_messaging] AndroidManifest.xml:27:13-29:29
270                <action android:name="com.google.android.c2dm.intent.RECEIVE" />
270-->[:react-native-firebase_messaging] AndroidManifest.xml:28:17-81
270-->[:react-native-firebase_messaging] AndroidManifest.xml:28:25-78
271            </intent-filter>
272        </receiver>
273
274        <meta-data
274-->[:react-native-firebase_messaging] AndroidManifest.xml:32:9-34:36
275            android:name="firebase_messaging_auto_init_enabled"
275-->[:react-native-firebase_messaging] AndroidManifest.xml:33:13-64
276            android:value="true" />
276-->[:react-native-firebase_messaging] AndroidManifest.xml:34:13-33
277        <meta-data
277-->[:react-native-firebase_messaging] AndroidManifest.xml:35:9-37:32
278            android:name="com.google.firebase.messaging.default_notification_channel_id"
278-->[:react-native-firebase_messaging] AndroidManifest.xml:36:13-89
279            android:value="" />
279-->[:react-native-firebase_messaging] AndroidManifest.xml:37:13-29
280        <meta-data
280-->[:react-native-firebase_messaging] AndroidManifest.xml:38:9-40:47
281            android:name="com.google.firebase.messaging.default_notification_color"
281-->[:react-native-firebase_messaging] AndroidManifest.xml:39:13-84
282            android:resource="@color/white" />
282-->[:react-native-firebase_messaging] AndroidManifest.xml:40:13-44
283        <meta-data
283-->[:react-native-firebase_app] AndroidManifest.xml:9:9-11:36
284            android:name="app_data_collection_default_enabled"
284-->[:react-native-firebase_app] AndroidManifest.xml:10:13-63